<?xml version="1.0" encoding="UTF-8"?>
<!-- Generated by org.testng.reporters.JUnitReportReporter -->
<testsuite hostname="LAPTOP-COQFRCSP" failures="0" tests="1" name="demo.AppiumTest" time="0.008" errors="0" timestamp="2023-05-24T07:49:33 IST" skipped="0">
  <testcase classname="demo.AppiumTest" name="test" time="0.008"/>
</testsuite> <!-- demo.AppiumTest -->
